<?xml version="1.0" encoding="UTF-8"?>
<testng-results ignored="0" total="2" passed="2" failed="0" skipped="0">
  <reporter-output>
  </reporter-output>
  <suite started-at="2023-11-09T01:13:07 EST" name="Surefire suite" finished-at="2023-11-09T01:13:23 EST" duration-ms="15323">
    <groups>
    </groups>
    <test started-at="2023-11-09T01:13:07 EST" name="Surefire test" finished-at="2023-11-09T01:13:23 EST" duration-ms="15323">
      <class name="com.shift.tests.ShiftTest">
        <test-method is-config="true" signature="suiteInit()[pri:0, instance:com.shift.tests.ShiftTest@7920ba90]" started-at="2023-11-09T01:13:07 EST" name="suiteInit" finished-at="2023-11-09T01:13:07 EST" duration-ms="6" status="PASS">
          <reporter-output>
          </reporter-output>
        </test-method> <!-- suiteInit -->
        <test-method is-config="true" signature="setUp()[pri:0, instance:com.shift.tests.ShiftTest@7920ba90]" started-at="2023-11-09T01:13:07 EST" name="setUp" finished-at="2023-11-09T01:13:10 EST" duration-ms="2359" status="PASS">
          <reporter-output>
          </reporter-output>
        </test-method> <!-- setUp -->
        <test-method signature="validateUrlTest()[pri:0, instance:com.shift.tests.ShiftTest@7920ba90]" started-at="2023-11-09T01:13:10 EST" name="validateUrlTest" finished-at="2023-11-09T01:13:15 EST" duration-ms="5055" status="PASS">
          <reporter-output>
          </reporter-output>
        </test-method> <!-- validateUrlTest -->
        <test-method is-config="true" signature="tearDown()[pri:0, instance:com.shift.tests.ShiftTest@7920ba90]" started-at="2023-11-09T01:13:15 EST" name="tearDown" finished-at="2023-11-09T01:13:15 EST" duration-ms="277" status="PASS">
          <reporter-output>
          </reporter-output>
        </test-method> <!-- tearDown -->
        <test-method is-config="true" signature="setUp()[pri:0, instance:com.shift.tests.ShiftTest@7920ba90]" started-at="2023-11-09T01:13:15 EST" name="setUp" finished-at="2023-11-09T01:13:16 EST" duration-ms="1034" status="PASS">
          <reporter-output>
          </reporter-output>
        </test-method> <!-- setUp -->
        <test-method signature="leadQaPositionTest()[pri:1, instance:com.shift.tests.ShiftTest@7920ba90]" started-at="2023-11-09T01:13:16 EST" name="leadQaPositionTest" finished-at="2023-11-09T01:13:22 EST" duration-ms="6320" status="PASS">
          <reporter-output>
          </reporter-output>
        </test-method> <!-- leadQaPositionTest -->
        <test-method is-config="true" signature="tearDown()[pri:0, instance:com.shift.tests.ShiftTest@7920ba90]" started-at="2023-11-09T01:13:22 EST" name="tearDown" finished-at="2023-11-09T01:13:23 EST" duration-ms="259" status="PASS">
          <reporter-output>
          </reporter-output>
        </test-method> <!-- tearDown -->
        <test-method is-config="true" signature="suiteTearDown()[pri:0, instance:com.shift.tests.ShiftTest@7920ba90]" started-at="2023-11-09T01:13:23 EST" name="suiteTearDown" finished-at="2023-11-09T01:13:23 EST" duration-ms="217" status="PASS">
          <reporter-output>
          </reporter-output>
        </test-method> <!-- suiteTearDown -->
      </class> <!-- com.shift.tests.ShiftTest -->
    </test> <!-- Surefire test -->
  </suite> <!-- Surefire suite -->
</testng-results>
